#
# There is insufficient memory for the Java Runtime Environment to continue.
# Native memory allocation (malloc) failed to allocate 1048576 bytes for AllocateHeap
# Possible reasons:
#   The system is out of physical RAM or swap space
#   The process is running with CompressedOops enabled, and the Java Heap may be blocking the growth of the native heap
# Possible solutions:
#   Reduce memory load on the system
#   Increase physical memory or swap space
#   Check if swap backing store is full
#   Decrease Java heap size (-Xmx/-Xms)
#   Decrease number of Java threads
#   Decrease Java thread stack sizes (-Xss)
#   Set larger code cache with -XX:ReservedCodeCacheSize=
#   JVM is running with Unscaled Compressed Oops mode in which the Java heap is
#     placed in the first 4GB address space. The Java Heap base address is the
#     maximum limit for the native heap growth. Please use -XX:HeapBaseMinAddress
#     to set the Java Heap base and to place the Java Heap above 4GB virtual address.
# This output file may be truncated or incomplete.
#
#  Out of Memory Error (memory/allocation.inline.hpp:61), pid=17200, tid=0x000000000000025c
#
# JRE version:  (8.0_202-b08) (build )
# Java VM: Java HotSpot(TM) 64-Bit Server VM (25.202-b08 mixed mode windows-amd64 compressed oops)
# Failed to write core dump. Minidumps are not enabled by default on client versions of Windows
#

---------------  T H R E A D  ---------------

Current thread (0x00000000029cb800):  JavaThread "Unknown thread" [_thread_in_vm, id=604, stack(0x00000000028c0000,0x00000000029c0000)]

Stack: [0x00000000028c0000,0x00000000029c0000]
[error occurred during error reporting (printing stack bounds), id 0xc0000005]

Native frames: (J=compiled Java code, j=interpreted, Vv=VM code, C=native code)


---------------  P R O C E S S  ---------------

Java Threads: ( => current thread )

Other Threads:

=>0x00000000029cb800 (exited) JavaThread "Unknown thread" [_thread_in_vm, id=604, stack(0x00000000028c0000,0x00000000029c0000)]

VM state:not at safepoint (normal execution)

VM Mutex/Monitor currently owned by a thread: None

heap address: 0x0000000082c00000, size: 2004 MB, Compressed Oops mode: 32-bit
Narrow klass base: 0x0000000000000000, Narrow klass shift: 3
Compressed class space size: 1073741824 Address: 0x0000000100000000

Heap:
 PSYoungGen      total 37888K, used 655K [0x00000000d6400000, 0x00000000d8e00000, 0x0000000100000000)
  eden space 32768K, 2% used [0x00000000d6400000,0x00000000d64a3d80,0x00000000d8400000)
  from space 5120K, 0% used [0x00000000d8900000,0x00000000d8900000,0x00000000d8e00000)
  to   space 5120K, 0% used [0x00000000d8400000,0x00000000d8400000,0x00000000d8900000)
 ParOldGen       total 86016K, used 0K [0x0000000082c00000, 0x0000000088000000, 0x00000000d6400000)
  object space 86016K, 0% used [0x0000000082c00000,0x0000000082c00000,0x0000000088000000)
 Metaspace       used 775K, capacity 4480K, committed 4480K, reserved 1056768K
  class space    used 76K, capacity 384K, committed 384K, reserved 1048576K

Card table byte_map: [0x0000000012030000,0x0000000012420000] byte_map_base: 0x0000000011c1a000

Marking Bits: (ParMarkBitMap*) 0x0000000058775ce0
 Begin Bits: [0x0000000012ec0000, 0x0000000014e10000)
 End Bits:   [0x0000000014e10000, 0x0000000016d60000)

Polling page: 0x0000000002400000

CodeCache: size=245760Kb used=328Kb max_used=328Kb free=245431Kb
 bounds [0x0000000002c70000, 0x0000000002ee0000, 0x0000000011c70000]
 total_blobs=58 nmethods=0 adapters=38
 compilation: enabled

Compilation events (0 events):
No events

GC Heap History (0 events):
No events

Deoptimization events (0 events):
No events

Classes redefined (0 events):
No events

Internal exceptions (0 events):
No events

Events (10 events):
Event: 0.052 loading class java/lang/Short
Event: 0.052 loading class java/lang/Short done
Event: 0.052 loading class java/lang/Integer
Event: 0.053 loading class java/lang/Integer done
Event: 0.053 loading class java/lang/Long
Event: 0.053 loading class java/lang/Long done
Event: 0.054 loading class java/lang/NullPointerException
Event: 0.055 loading class java/lang/NullPointerException done
Event: 0.055 loading class java/lang/ArithmeticException
Event: 0.055 loading class java/lang/ArithmeticException done


Dynamic libraries:
0x00007ff689090000 - 0x00007ff6890c7000 	C:\Program Files\Java\jdk1.8.0_202\bin\java.exe
0x00007ffaa8e20000 - 0x00007ffaa900d000 	C:\WINDOWS\SYSTEM32\ntdll.dll
0x00007ffaa8440000 - 0x00007ffaa84f3000 	C:\WINDOWS\System32\KERNEL32.DLL
0x00007ffaa5bf0000 - 0x00007ffaa5e83000 	C:\WINDOWS\System32\KERNELBASE.dll
0x00007ffaa8990000 - 0x00007ffaa8a33000 	C:\WINDOWS\System32\ADVAPI32.dll
0x00007ffaa8050000 - 0x00007ffaa80ee000 	C:\WINDOWS\System32\msvcrt.dll
0x00007ffaa61b0000 - 0x00007ffaa624e000 	C:\WINDOWS\System32\sechost.dll
0x00007ffaa7820000 - 0x00007ffaa7942000 	C:\WINDOWS\System32\RPCRT4.dll
0x00007ffaa7c80000 - 0x00007ffaa7e17000 	C:\WINDOWS\System32\USER32.dll
0x00007ffaa6030000 - 0x00007ffaa6050000 	C:\WINDOWS\System32\win32u.dll
0x00007ffaa8bd0000 - 0x00007ffaa8bf9000 	C:\WINDOWS\System32\GDI32.dll
0x00007ffaa4f40000 - 0x00007ffaa50da000 	C:\WINDOWS\System32\gdi32full.dll
0x00007ffaa5e90000 - 0x00007ffaa5f30000 	C:\WINDOWS\System32\msvcp_win.dll
0x00007ffaa5f30000 - 0x00007ffaa602a000 	C:\WINDOWS\System32\ucrtbase.dll
0x00007ffa95140000 - 0x00007ffa953b9000 	C:\WINDOWS\WinSxS\amd64_microsoft.windows.common-controls_6595b64144ccf1df_6.0.17763.379_none_05b83be8071c94a1\COMCTL32.dll
0x00007ffaa7950000 - 0x00007ffaa7c7d000 	C:\WINDOWS\System32\combase.dll
0x00007ffaa5b70000 - 0x00007ffaa5bee000 	C:\WINDOWS\System32\bcryptPrimitives.dll
0x00007ffaa7e20000 - 0x00007ffaa7e4e000 	C:\WINDOWS\System32\IMM32.DLL
0x0000000058800000 - 0x00000000588d2000 	C:\Program Files\Java\jdk1.8.0_202\jre\bin\msvcr100.dll
0x0000000057f50000 - 0x00000000587f5000 	C:\Program Files\Java\jdk1.8.0_202\jre\bin\server\jvm.dll
0x00007ffaa8430000 - 0x00007ffaa8438000 	C:\WINDOWS\System32\PSAPI.DLL
0x00007ffaa2c00000 - 0x00007ffaa2c0a000 	C:\WINDOWS\SYSTEM32\VERSION.dll
0x00007ffa85a00000 - 0x00007ffa85a09000 	C:\WINDOWS\SYSTEM32\WSOCK32.dll
0x00007ffa9f820000 - 0x00007ffa9f844000 	C:\WINDOWS\SYSTEM32\WINMM.dll
0x00007ffaa7e50000 - 0x00007ffaa7ebd000 	C:\WINDOWS\System32\WS2_32.dll
0x00007ffa9f7d0000 - 0x00007ffa9f7fd000 	C:\WINDOWS\SYSTEM32\WINMMBASE.dll
0x00007ffaa4ef0000 - 0x00007ffaa4f3a000 	C:\WINDOWS\System32\cfgmgr32.dll
0x00007ffa9e8a0000 - 0x00007ffa9e8af000 	C:\Program Files\Java\jdk1.8.0_202\jre\bin\verify.dll
0x00007ffa9e120000 - 0x00007ffa9e149000 	C:\Program Files\Java\jdk1.8.0_202\jre\bin\java.dll
0x00007ffa9d490000 - 0x00007ffa9d4b3000 	C:\Program Files\Java\jdk1.8.0_202\jre\bin\instrument.dll
0x00007ffa9e0f0000 - 0x00007ffa9e106000 	C:\Program Files\Java\jdk1.8.0_202\jre\bin\zip.dll

VM Arguments:
jvm_args: -XX:TieredStopAtLevel=1 -Xverify:none -Dspring.output.ansi.enabled=always -Dcom.sun.management.jmxremote -Dcom.sun.management.jmxremote.port=62228 -Dcom.sun.management.jmxremote.authenticate=false -Dcom.sun.management.jmxremote.ssl=false -Djava.rmi.server.hostname=localhost -Dspring.liveBeansView.mbeanDomain -Dspring.application.admin.enabled=true -javaagent:D:\IntelliJ IDEA 2018.3\lib\idea_rt.jar=62229:D:\IntelliJ IDEA 2018.3\bin -Dfile.encoding=UTF-8 
java_command: com.config.configdemo.ConfigDemoApplication
java_class_path (initial): C:\Program Files\Java\jdk1.8.0_202\jre\lib\charsets.jar;C:\Program Files\Java\jdk1.8.0_202\jre\lib\deploy.jar;C:\Program Files\Java\jdk1.8.0_202\jre\lib\ext\access-bridge-64.jar;C:\Program Files\Java\jdk1.8.0_202\jre\lib\ext\cldrdata.jar;C:\Program Files\Java\jdk1.8.0_202\jre\lib\ext\dnsns.jar;C:\Program Files\Java\jdk1.8.0_202\jre\lib\ext\jaccess.jar;C:\Program Files\Java\jdk1.8.0_202\jre\lib\ext\jfxrt.jar;C:\Program Files\Java\jdk1.8.0_202\jre\lib\ext\localedata.jar;C:\Program Files\Java\jdk1.8.0_202\jre\lib\ext\nashorn.jar;C:\Program Files\Java\jdk1.8.0_202\jre\lib\ext\sunec.jar;C:\Program Files\Java\jdk1.8.0_202\jre\lib\ext\sunjce_provider.jar;C:\Program Files\Java\jdk1.8.0_202\jre\lib\ext\sunmscapi.jar;C:\Program Files\Java\jdk1.8.0_202\jre\lib\ext\sunpkcs11.jar;C:\Program Files\Java\jdk1.8.0_202\jre\lib\ext\zipfs.jar;C:\Program Files\Java\jdk1.8.0_202\jre\lib\javaws.jar;C:\Program Files\Java\jdk1.8.0_202\jre\lib\jce.jar;C:\Program Files\Java\jdk1.8.0_202\jre\lib\jfr.jar;C:\Program Files\Java\jdk1.8.0_202\jre\lib\jfxswt.jar;C:\Program Files\Java\jdk1.8.0_202\jre\lib\jsse.jar;C:\Program Files\Java\jdk1.8.0_202\jre\lib\management-agent.jar;C:\Program Files\Java\jdk1.8.0_202\jre\lib\plugin.jar;C:\Program Files\Java\jdk1.8.0_202\jre\lib\resources.jar;C:\Program Files\Java\jdk1.8.0_202\jre\lib\rt.jar;D:\ideaworkspase\config-demo\target\classes;C:\Users\ThinkPad\.m2\repository\org\springframework\boot\spring-boot-starter-actuator\2.1.3.RELEASE\spring-boot-starter-actuator-2.1.3.RELEASE.jar;C:\Users\ThinkPad\.m2\repository\org\springframework\boot\spring-boot-starter\2.1.3.RELEASE\spring-boot-starter-2.1.3.RELEASE.jar;C:\Users\ThinkPad\.m2\repository\org\springframework\boot\spring-boot\2.1.3.RELEASE\spring-boot-2.1.3.RELEASE.jar;C:\Users\ThinkPad\.m2\repository\org\springframework\boot\spring-boot-autoconfigure\2.1.3.RELEASE\spring-boot-autoconfigure-2.1.3.RELEASE.jar;C:\Users\ThinkPad\.m2\repository\org\springframework\boot\spring-boot-s
Launcher Type: SUN_STANDARD

Environment Variables:
JAVA_HOME=C:\Program Files\Java\jdk1.8.0_202
PATH=C:\Program Files (x86)\Common Files\Oracle\Java\javapath;C:\WINDOWS\system32;C:\WINDOWS;C:\WINDOWS\System32\Wbem;C:\WINDOWS\System32\WindowsPowerShell\v1.0\;C:\WINDOWS\System32\OpenSSH\;";C:\Program Files\Java\jdk1.8.0_202\bin";D:\apache-maven-3.6.0\bin;D:\apache-maven-3.6.0\bin;C:\Program Files\Java\jdk1.8.0_202\jre\bin;C:\Program Files\Intel\WiFi\bin\;C:\Program Files\Common Files\Intel\WirelessCommon\;D:\Git\bin;D:\TortoiseGit\bin;D:\mysql-5.7.25-winx64\bin;C:\Users\ThinkPad\AppData\Local\Microsoft\WindowsApps;D:\Fiddler;C:\Users\ThinkPad\AppData\Local\Microsoft\WindowsApps;C:\Users\ThinkPad\AppData\Local\GitHubDesktop\bin
USERNAME=ThinkPad
OS=Windows_NT
PROCESSOR_IDENTIFIER=Intel64 Family 6 Model 142 Stepping 10, GenuineIntel



---------------  S Y S T E M  ---------------

OS: Windows 10.0 , 64 bit Build 17763 (10.0.17763.379)

CPU:total 8 (initial active 8) (4 cores per cpu, 2 threads per core) family 6 model 142 stepping 10, cmov, cx8, fxsr, mmx, sse, sse2, sse3, ssse3, sse4.1, sse4.2, popcnt, avx, avx2, aes, clmul, erms, 3dnowpref, lzcnt, ht, tsc, tscinvbit, bmi1, bmi2, adx

Memory: 4k page, physical 8206824k(1685296k free), swap 23643360k(5512k free)

vm_info: Java HotSpot(TM) 64-Bit Server VM (25.202-b08) for windows-amd64 JRE (1.8.0_202-b08), built on Dec 15 2018 19:54:30 by "java_re" with MS VC++ 10.0 (VS2010)

time: Sun Mar 31 10:20:38 2019
timezone: 中国标准时间
elapsed time: 0 seconds (0d 0h 0m 0s)

