#
# There is insufficient memory for the Java Runtime Environment to continue.
# Native memory allocation (malloc) failed to allocate 295856 bytes for Chunk::new
# Possible reasons:
#   The system is out of physical RAM or swap space
#   The process is running with CompressedOops enabled, and the Java Heap may be blocking the growth of the native heap
# Possible solutions:
#   Reduce memory load on the system
#   Increase physical memory or swap space
#   Check if swap backing store is full
#   Decrease Java heap size (-Xmx/-Xms)
#   Decrease number of Java threads
#   Decrease Java thread stack sizes (-Xss)
#   Set larger code cache with -XX:ReservedCodeCacheSize=
#   JVM is running with Unscaled Compressed Oops mode in which the Java heap is
#     placed in the first 4GB address space. The Java Heap base address is the
#     maximum limit for the native heap growth. Please use -XX:HeapBaseMinAddress
#     to set the Java Heap base and to place the Java Heap above 4GB virtual address.
# This output file may be truncated or incomplete.
#
#  Out of Memory Error (allocation.cpp:389), pid=4128, tid=0x0000000000004718
#
# JRE version: Java(TM) SE Runtime Environment (8.0_202-b08) (build 1.8.0_202-b08)
# Java VM: Java HotSpot(TM) 64-Bit Server VM (25.202-b08 mixed mode windows-amd64 compressed oops)
# Failed to write core dump. Minidumps are not enabled by default on client versions of Windows
#

---------------  T H R E A D  ---------------

Current thread (0x00000000027eb000):  JavaThread "main" [_thread_in_native, id=18200, stack(0x00000000026e0000,0x00000000027e0000)]

Stack: [0x00000000026e0000,0x00000000027e0000]
[error occurred during error reporting (printing stack bounds), id 0xc0000005]

Native frames: (J=compiled Java code, j=interpreted, Vv=VM code, C=native code)

Java frames: (J=compiled Java code, j=interpreted, Vv=VM code)
J 739  java.lang.Class.forName0(Ljava/lang/String;ZLjava/lang/ClassLoader;Ljava/lang/Class;)Ljava/lang/Class; (0 bytes) @ 0x0000000002d0e3c7 [0x0000000002d0e340+0x87]
J 844 C1 java.lang.Class.forName(Ljava/lang/String;ZLjava/lang/ClassLoader;)Ljava/lang/Class; (53 bytes) @ 0x0000000002d3c7ac [0x0000000002d3c680+0x12c]
j  sun.nio.cs.AbstractCharsetProvider.lookup(Ljava/lang/String;)Ljava/nio/charset/Charset;+86
j  sun.nio.cs.AbstractCharsetProvider.access$000(Lsun/nio/cs/AbstractCharsetProvider;Ljava/lang/String;)Ljava/nio/charset/Charset;+2
j  sun.nio.cs.AbstractCharsetProvider$1.next()Ljava/nio/charset/Charset;+25
j  sun.nio.cs.AbstractCharsetProvider$1.next()Ljava/lang/Object;+1
j  java.nio.charset.Charset.put(Ljava/util/Iterator;Ljava/util/Map;)V+10
j  java.nio.charset.Charset.access$200(Ljava/util/Iterator;Ljava/util/Map;)V+2
j  java.nio.charset.Charset$3.run()Ljava/util/SortedMap;+34
j  java.nio.charset.Charset$3.run()Ljava/lang/Object;+1
v  ~StubRoutines::call_stub
J 500  java.security.AccessController.doPrivileged(Ljava/security/PrivilegedAction;)Ljava/lang/Object; (0 bytes) @ 0x0000000002c9f5d2 [0x0000000002c9f580+0x52]
j  java.nio.charset.Charset.availableCharsets()Ljava/util/SortedMap;+7
j  org.apache.tomcat.util.buf.B2CConverter.<clinit>()V+18
v  ~StubRoutines::call_stub
j  org.apache.catalina.connector.Connector.setURIEncoding(Ljava/lang/String;)V+2
j  org.springframework.boot.web.embedded.tomcat.TomcatServletWebServerFactory.customizeConnector(Lorg/apache/catalina/connector/Connector;)V+77
j  org.springframework.boot.web.embedded.tomcat.TomcatServletWebServerFactory.getWebServer([Lorg/springframework/boot/web/servlet/ServletContextInitializer;)Lorg/springframework/boot/web/server/WebServer;+64
j  org.springframework.boot.web.servlet.context.ServletWebServerApplicationContext.createWebServer()V+36
j  org.springframework.boot.web.servlet.context.ServletWebServerApplicationContext.onRefresh()V+5
j  org.springframework.context.support.AbstractApplicationContext.refresh()V+45
j  org.springframework.boot.web.servlet.context.ServletWebServerApplicationContext.refresh()V+1
j  org.springframework.boot.SpringApplication.refresh(Lorg/springframework/context/ApplicationContext;)V+10
j  org.springframework.boot.SpringApplication.refreshContext(Lorg/springframework/context/ConfigurableApplicationContext;)V+2
j  org.springframework.boot.SpringApplication.run([Ljava/lang/String;)Lorg/springframework/context/ConfigurableApplicationContext;+118
j  org.springframework.boot.SpringApplication.run([Ljava/lang/Class;[Ljava/lang/String;)Lorg/springframework/context/ConfigurableApplicationContext;+9
j  org.springframework.boot.SpringApplication.run(Ljava/lang/Class;[Ljava/lang/String;)Lorg/springframework/context/ConfigurableApplicationContext;+9
j  com.eureka.eurekademo.EurekaDemoApplication.main([Ljava/lang/String;)V+3
v  ~StubRoutines::call_stub

---------------  P R O C E S S  ---------------

Java Threads: ( => current thread )
  0x000000001a63f000 JavaThread "RMI TCP Connection(2)-127.0.0.1" daemon [_thread_in_native, id=12176, stack(0x000000001b680000,0x000000001b780000)]
  0x000000001a640000 JavaThread "RMI Scheduler(0)" daemon [_thread_blocked, id=11796, stack(0x000000001b580000,0x000000001b680000)]
  0x000000001a5f5800 JavaThread "RMI TCP Connection(1)-127.0.0.1" daemon [_thread_in_native, id=13284, stack(0x000000001b480000,0x000000001b580000)]
  0x000000001a4a6800 JavaThread "RMI TCP Accept-0" daemon [_thread_in_native, id=16812, stack(0x000000001af80000,0x000000001b080000)]
  0x000000001a476000 JavaThread "RMI TCP Accept-62346" daemon [_thread_in_native, id=17400, stack(0x000000001ae80000,0x000000001af80000)]
  0x000000001a471000 JavaThread "RMI TCP Accept-0" daemon [_thread_in_native, id=11332, stack(0x000000001ad80000,0x000000001ae80000)]
  0x000000001a1a4800 JavaThread "Service Thread" daemon [_thread_blocked, id=14300, stack(0x000000001ac80000,0x000000001ad80000)]
  0x000000001a1bc000 JavaThread "C1 CompilerThread3" daemon [_thread_blocked, id=6196, stack(0x000000001ab80000,0x000000001ac80000)]
  0x000000001a1b1000 JavaThread "C2 CompilerThread2" daemon [_thread_blocked, id=1232, stack(0x000000001aa80000,0x000000001ab80000)]
  0x000000001a1a3800 JavaThread "C2 CompilerThread1" daemon [_thread_blocked, id=3088, stack(0x000000001a980000,0x000000001aa80000)]
  0x000000001a1a2800 JavaThread "C2 CompilerThread0" daemon [_thread_blocked, id=8804, stack(0x000000001a880000,0x000000001a980000)]
  0x000000001a1ae000 JavaThread "Monitor Ctrl-Break" daemon [_thread_in_native, id=11692, stack(0x000000001a780000,0x000000001a880000)]
  0x00000000197c4800 JavaThread "Attach Listener" daemon [_thread_blocked, id=14652, stack(0x0000000019e80000,0x0000000019f80000)]
  0x0000000019820000 JavaThread "Signal Dispatcher" daemon [_thread_blocked, id=18136, stack(0x0000000019d80000,0x0000000019e80000)]
  0x00000000197a1000 JavaThread "Finalizer" daemon [_thread_blocked, id=4092, stack(0x0000000019c80000,0x0000000019d80000)]
  0x00000000197a0800 JavaThread "Reference Handler" daemon [_thread_blocked, id=18864, stack(0x0000000019b80000,0x0000000019c80000)]
=>0x00000000027eb000 JavaThread "main" [_thread_in_native, id=18200, stack(0x00000000026e0000,0x00000000027e0000)]

Other Threads:
  0x00000000028de000 VMThread [stack: 0x0000000019680000,0x0000000019780000] [id=17160]
  0x000000001a4e9800 WatcherThread [stack: 0x000000001b080000,0x000000001b180000] [id=12396]

VM state:not at safepoint (normal execution)

VM Mutex/Monitor currently owned by a thread: None

heap address: 0x0000000082c00000, size: 2004 MB, Compressed Oops mode: 32-bit
Narrow klass base: 0x0000000000000000, Narrow klass shift: 3
Compressed class space size: 1073741824 Address: 0x0000000100000000

Heap:
 PSYoungGen      total 70656K, used 33688K [0x00000000d6400000, 0x00000000dae00000, 0x0000000100000000)
  eden space 65536K, 43% used [0x00000000d6400000,0x00000000d7fee060,0x00000000da400000)
  from space 5120K, 99% used [0x00000000da900000,0x00000000dadf8020,0x00000000dae00000)
  to   space 5120K, 0% used [0x00000000da400000,0x00000000da400000,0x00000000da900000)
 ParOldGen       total 44544K, used 14632K [0x0000000082c00000, 0x0000000085780000, 0x00000000d6400000)
  object space 44544K, 32% used [0x0000000082c00000,0x0000000083a4a068,0x0000000085780000)
 Metaspace       used 30985K, capacity 32420K, committed 32768K, reserved 1077248K
  class space    used 4215K, capacity 4502K, committed 4608K, reserved 1048576K

Card table byte_map: [0x0000000011ea0000,0x0000000012290000] byte_map_base: 0x0000000011a8a000

Marking Bits: (ParMarkBitMap*) 0x0000000058775ce0
 Begin Bits: [0x0000000012d30000, 0x0000000014c80000)
 End Bits:   [0x0000000014c80000, 0x0000000016bd0000)

Polling page: 0x0000000000920000

CodeCache: size=245760Kb used=6765Kb max_used=6765Kb free=238994Kb
 bounds [0x0000000002ae0000, 0x0000000003180000, 0x0000000011ae0000]
 total_blobs=3647 nmethods=3220 adapters=339
 compilation: enabled

Compilation events (10 events):
Event: 5.104 Thread 0x000000001a1bc000 3216       1       java.util.ResourceBundle$CacheKey::getLoader (22 bytes)
Event: 5.104 Thread 0x000000001a1bc000 nmethod 3216 0x0000000003178dd0 code [0x0000000003178f20, 0x0000000003179090]
Event: 5.138 Thread 0x000000001a1bc000 3217       1       java.util.Locale::equals (75 bytes)
Event: 5.138 Thread 0x000000001a1bc000 nmethod 3217 0x0000000003179350 code [0x00000000031794e0, 0x00000000031797d8]
Event: 5.148 Thread 0x000000001a1bc000 3218       1       java.lang.Class$MethodArray::compactAndTrim (69 bytes)
Event: 5.148 Thread 0x000000001a1bc000 nmethod 3218 0x0000000003179990 code [0x0000000003179b00, 0x0000000003179da8]
Event: 5.161 Thread 0x000000001a1bc000 3219   !   1       java.lang.Class::newInstance (155 bytes)
Event: 5.162 Thread 0x000000001a1bc000 nmethod 3219 0x0000000003179fd0 code [0x000000000317a220, 0x000000000317aa48]
Event: 5.165 Thread 0x000000001a1bc000 3220       1       java.nio.charset.Charset::checkName (165 bytes)
Event: 5.166 Thread 0x000000001a1bc000 nmethod 3220 0x000000000317afd0 code [0x000000000317b180, 0x000000000317b4f8]

GC Heap History (10 events):
Event: 3.277 GC heap before
{Heap before GC invocations=5 (full 0):
 PSYoungGen      total 70656K, used 7404K [0x00000000d6400000, 0x00000000dae00000, 0x0000000100000000)
  eden space 65536K, 3% used [0x00000000d6400000,0x00000000d66423b0,0x00000000da400000)
  from space 5120K, 99% used [0x00000000da900000,0x00000000dadf8f20,0x00000000dae00000)
  to   space 5120K, 0% used [0x00000000da400000,0x00000000da400000,0x00000000da900000)
 ParOldGen       total 86016K, used 6661K [0x0000000082c00000, 0x0000000088000000, 0x00000000d6400000)
  object space 86016K, 7% used [0x0000000082c00000,0x0000000083281508,0x0000000088000000)
 Metaspace       used 20587K, capacity 21258K, committed 21296K, reserved 1067008K
  class space    used 2712K, capacity 2909K, committed 2944K, reserved 1048576K
Event: 3.281 GC heap after
Heap after GC invocations=5 (full 0):
 PSYoungGen      total 70656K, used 5107K [0x00000000d6400000, 0x00000000dae00000, 0x0000000100000000)
  eden space 65536K, 0% used [0x00000000d6400000,0x00000000d6400000,0x00000000da400000)
  from space 5120K, 99% used [0x00000000da400000,0x00000000da8fcf10,0x00000000da900000)
  to   space 5120K, 0% used [0x00000000da900000,0x00000000da900000,0x00000000dae00000)
 ParOldGen       total 86016K, used 6709K [0x0000000082c00000, 0x0000000088000000, 0x00000000d6400000)
  object space 86016K, 7% used [0x0000000082c00000,0x000000008328d508,0x0000000088000000)
 Metaspace       used 20587K, capacity 21258K, committed 21296K, reserved 1067008K
  class space    used 2712K, capacity 2909K, committed 2944K, reserved 1048576K
}
Event: 3.281 GC heap before
{Heap before GC invocations=6 (full 1):
 PSYoungGen      total 70656K, used 5107K [0x00000000d6400000, 0x00000000dae00000, 0x0000000100000000)
  eden space 65536K, 0% used [0x00000000d6400000,0x00000000d6400000,0x00000000da400000)
  from space 5120K, 99% used [0x00000000da400000,0x00000000da8fcf10,0x00000000da900000)
  to   space 5120K, 0% used [0x00000000da900000,0x00000000da900000,0x00000000dae00000)
 ParOldGen       total 86016K, used 6709K [0x0000000082c00000, 0x0000000088000000, 0x00000000d6400000)
  object space 86016K, 7% used [0x0000000082c00000,0x000000008328d508,0x0000000088000000)
 Metaspace       used 20587K, capacity 21258K, committed 21296K, reserved 1067008K
  class space    used 2712K, capacity 2909K, committed 2944K, reserved 1048576K
Event: 3.306 GC heap after
Heap after GC invocations=6 (full 1):
 PSYoungGen      total 70656K, used 0K [0x00000000d6400000, 0x00000000dae00000, 0x0000000100000000)
  eden space 65536K, 0% used [0x00000000d6400000,0x00000000d6400000,0x00000000da400000)
  from space 5120K, 0% used [0x00000000da400000,0x00000000da400000,0x00000000da900000)
  to   space 5120K, 0% used [0x00000000da900000,0x00000000da900000,0x00000000dae00000)
 ParOldGen       total 44544K, used 6011K [0x0000000082c00000, 0x0000000085780000, 0x00000000d6400000)
  object space 44544K, 13% used [0x0000000082c00000,0x00000000831ded38,0x0000000085780000)
 Metaspace       used 20586K, capacity 21252K, committed 21296K, reserved 1067008K
  class space    used 2712K, capacity 2908K, committed 2944K, reserved 1048576K
}
Event: 4.150 GC heap before
{Heap before GC invocations=7 (full 1):
 PSYoungGen      total 70656K, used 65536K [0x00000000d6400000, 0x00000000dae00000, 0x0000000100000000)
  eden space 65536K, 100% used [0x00000000d6400000,0x00000000da400000,0x00000000da400000)
  from space 5120K, 0% used [0x00000000da400000,0x00000000da400000,0x00000000da900000)
  to   space 5120K, 0% used [0x00000000da900000,0x00000000da900000,0x00000000dae00000)
 ParOldGen       total 44544K, used 6011K [0x0000000082c00000, 0x0000000085780000, 0x00000000d6400000)
  object space 44544K, 13% used [0x0000000082c00000,0x00000000831ded38,0x0000000085780000)
 Metaspace       used 24737K, capacity 25696K, committed 25856K, reserved 1071104K
  class space    used 3304K, capacity 3540K, committed 3584K, reserved 1048576K
Event: 4.154 GC heap after
Heap after GC invocations=7 (full 1):
 PSYoungGen      total 70656K, used 5094K [0x00000000d6400000, 0x00000000dae00000, 0x0000000100000000)
  eden space 65536K, 0% used [0x00000000d6400000,0x00000000d6400000,0x00000000da400000)
  from space 5120K, 99% used [0x00000000da900000,0x00000000dadf9b70,0x00000000dae00000)
  to   space 5120K, 0% used [0x00000000da400000,0x00000000da400000,0x00000000da900000)
 ParOldGen       total 44544K, used 6886K [0x0000000082c00000, 0x0000000085780000, 0x00000000d6400000)
  object space 44544K, 15% used [0x0000000082c00000,0x00000000832b9b50,0x0000000085780000)
 Metaspace       used 24737K, capacity 25696K, committed 25856K, reserved 1071104K
  class space    used 3304K, capacity 3540K, committed 3584K, reserved 1048576K
}
Event: 4.459 GC heap before
{Heap before GC invocations=8 (full 1):
 PSYoungGen      total 70656K, used 70630K [0x00000000d6400000, 0x00000000dae00000, 0x0000000100000000)
  eden space 65536K, 100% used [0x00000000d6400000,0x00000000da400000,0x00000000da400000)
  from space 5120K, 99% used [0x00000000da900000,0x00000000dadf9b70,0x00000000dae00000)
  to   space 5120K, 0% used [0x00000000da400000,0x00000000da400000,0x00000000da900000)
 ParOldGen       total 44544K, used 6886K [0x0000000082c00000, 0x0000000085780000, 0x00000000d6400000)
  object space 44544K, 15% used [0x0000000082c00000,0x00000000832b9b50,0x0000000085780000)
 Metaspace       used 26290K, capacity 27312K, committed 27392K, reserved 1073152K
  class space    used 3538K, capacity 3796K, committed 3840K, reserved 1048576K
Event: 4.465 GC heap after
Heap after GC invocations=8 (full 1):
 PSYoungGen      total 70656K, used 5109K [0x00000000d6400000, 0x00000000dae00000, 0x0000000100000000)
  eden space 65536K, 0% used [0x00000000d6400000,0x00000000d6400000,0x00000000da400000)
  from space 5120K, 99% used [0x00000000da400000,0x00000000da8fd5b8,0x00000000da900000)
  to   space 5120K, 0% used [0x00000000da900000,0x00000000da900000,0x00000000dae00000)
 ParOldGen       total 44544K, used 9670K [0x0000000082c00000, 0x0000000085780000, 0x00000000d6400000)
  object space 44544K, 21% used [0x0000000082c00000,0x0000000083571830,0x0000000085780000)
 Metaspace       used 26290K, capacity 27312K, committed 27392K, reserved 1073152K
  class space    used 3538K, capacity 3796K, committed 3840K, reserved 1048576K
}
Event: 4.837 GC heap before
{Heap before GC invocations=9 (full 1):
 PSYoungGen      total 70656K, used 70645K [0x00000000d6400000, 0x00000000dae00000, 0x0000000100000000)
  eden space 65536K, 100% used [0x00000000d6400000,0x00000000da400000,0x00000000da400000)
  from space 5120K, 99% used [0x00000000da400000,0x00000000da8fd5b8,0x00000000da900000)
  to   space 5120K, 0% used [0x00000000da900000,0x00000000da900000,0x00000000dae00000)
 ParOldGen       total 44544K, used 9670K [0x0000000082c00000, 0x0000000085780000, 0x00000000d6400000)
  object space 44544K, 21% used [0x0000000082c00000,0x0000000083571830,0x0000000085780000)
 Metaspace       used 29134K, capacity 30258K, committed 30336K, reserved 1075200K
  class space    used 3955K, capacity 4203K, committed 4224K, reserved 1048576K
Event: 4.852 GC heap after
Heap after GC invocations=9 (full 1):
 PSYoungGen      total 70656K, used 5088K [0x00000000d6400000, 0x00000000dae00000, 0x0000000100000000)
  eden space 65536K, 0% used [0x00000000d6400000,0x00000000d6400000,0x00000000da400000)
  from space 5120K, 99% used [0x00000000da900000,0x00000000dadf8020,0x00000000dae00000)
  to   space 5120K, 0% used [0x00000000da400000,0x00000000da400000,0x00000000da900000)
 ParOldGen       total 44544K, used 14632K [0x0000000082c00000, 0x0000000085780000, 0x00000000d6400000)
  object space 44544K, 32% used [0x0000000082c00000,0x0000000083a4a068,0x0000000085780000)
 Metaspace       used 29134K, capacity 30258K, committed 30336K, reserved 1075200K
  class space    used 3955K, capacity 4203K, committed 4224K, reserved 1048576K
}

Deoptimization events (0 events):
No events

Classes redefined (0 events):
No events

Internal exceptions (10 events):
Event: 4.977 Thread 0x00000000027eb000 Exception <a 'java/lang/ArrayIndexOutOfBoundsException'> (0x00000000d706e750) thrown at [C:\re\workspace\8-2-build-windows-amd64-cygwin\jdk8u202\12323\hotspot\src\share\vm\runtime\sharedRuntime.cpp, line 605]
Event: 4.983 Thread 0x00000000027eb000 Exception <a 'java/lang/ArrayIndexOutOfBoundsException'> (0x00000000d70f93f8) thrown at [C:\re\workspace\8-2-build-windows-amd64-cygwin\jdk8u202\12323\hotspot\src\share\vm\runtime\sharedRuntime.cpp, line 605]
Event: 4.984 Thread 0x00000000027eb000 Exception <a 'java/lang/ArrayIndexOutOfBoundsException'> (0x00000000d71028b0) thrown at [C:\re\workspace\8-2-build-windows-amd64-cygwin\jdk8u202\12323\hotspot\src\share\vm\runtime\sharedRuntime.cpp, line 605]
Event: 4.994 Thread 0x00000000027eb000 Exception <a 'java/lang/ArrayIndexOutOfBoundsException'> (0x00000000d71c7720) thrown at [C:\re\workspace\8-2-build-windows-amd64-cygwin\jdk8u202\12323\hotspot\src\share\vm\runtime\sharedRuntime.cpp, line 605]
Event: 4.998 Thread 0x00000000027eb000 Exception <a 'java/lang/ArrayIndexOutOfBoundsException'> (0x00000000d72026f8) thrown at [C:\re\workspace\8-2-build-windows-amd64-cygwin\jdk8u202\12323\hotspot\src\share\vm\runtime\sharedRuntime.cpp, line 605]
Event: 5.001 Thread 0x00000000027eb000 Exception <a 'java/lang/ArrayIndexOutOfBoundsException'> (0x00000000d723fbf0) thrown at [C:\re\workspace\8-2-build-windows-amd64-cygwin\jdk8u202\12323\hotspot\src\share\vm\runtime\sharedRuntime.cpp, line 605]
Event: 5.038 Thread 0x00000000027eb000 Exception <a 'java/lang/ArrayIndexOutOfBoundsException'> (0x00000000d75c9418) thrown at [C:\re\workspace\8-2-build-windows-amd64-cygwin\jdk8u202\12323\hotspot\src\share\vm\runtime\sharedRuntime.cpp, line 605]
Event: 5.038 Thread 0x00000000027eb000 Exception <a 'java/lang/ArrayIndexOutOfBoundsException'> (0x00000000d75ca760) thrown at [C:\re\workspace\8-2-build-windows-amd64-cygwin\jdk8u202\12323\hotspot\src\share\vm\runtime\sharedRuntime.cpp, line 605]
Event: 5.038 Thread 0x00000000027eb000 Exception <a 'java/lang/ArrayIndexOutOfBoundsException'> (0x00000000d75cbfa8) thrown at [C:\re\workspace\8-2-build-windows-amd64-cygwin\jdk8u202\12323\hotspot\src\share\vm\runtime\sharedRuntime.cpp, line 605]
Event: 5.039 Thread 0x00000000027eb000 Exception <a 'java/lang/ArrayIndexOutOfBoundsException'> (0x00000000d75ea9f0) thrown at [C:\re\workspace\8-2-build-windows-amd64-cygwin\jdk8u202\12323\hotspot\src\share\vm\runtime\sharedRuntime.cpp, line 605]

Events (10 events):
Event: 5.164 loading class sun/nio/cs/AbstractCharsetProvider$1 done
Event: 5.164 loading class sun/nio/cs/ext/Big5
Event: 5.165 loading class sun/nio/cs/ext/Big5 done
Event: 5.165 loading class sun/nio/cs/ext/Big5_HKSCS
Event: 5.165 loading class sun/nio/cs/ext/Big5_HKSCS done
Event: 5.165 loading class sun/nio/cs/ext/EUC_JP
Event: 5.166 loading class sun/nio/cs/ext/EUC_JP done
Event: 5.166 loading class sun/nio/cs/ext/EUC_KR
Event: 5.166 loading class sun/nio/cs/ext/EUC_KR done
Event: 5.166 loading class sun/nio/cs/ext/GB18030


Dynamic libraries:
0x00007ff689090000 - 0x00007ff6890c7000 	C:\Program Files\Java\jdk1.8.0_202\bin\java.exe
0x00007ffaa8e20000 - 0x00007ffaa900d000 	C:\WINDOWS\SYSTEM32\ntdll.dll
0x00007ffaa8440000 - 0x00007ffaa84f3000 	C:\WINDOWS\System32\KERNEL32.DLL
0x00007ffaa5bf0000 - 0x00007ffaa5e83000 	C:\WINDOWS\System32\KERNELBASE.dll
0x00007ffaa8990000 - 0x00007ffaa8a33000 	C:\WINDOWS\System32\ADVAPI32.dll
0x00007ffaa8050000 - 0x00007ffaa80ee000 	C:\WINDOWS\System32\msvcrt.dll
0x00007ffaa61b0000 - 0x00007ffaa624e000 	C:\WINDOWS\System32\sechost.dll
0x00007ffaa7820000 - 0x00007ffaa7942000 	C:\WINDOWS\System32\RPCRT4.dll
0x00007ffaa7c80000 - 0x00007ffaa7e17000 	C:\WINDOWS\System32\USER32.dll
0x00007ffaa6030000 - 0x00007ffaa6050000 	C:\WINDOWS\System32\win32u.dll
0x00007ffaa8bd0000 - 0x00007ffaa8bf9000 	C:\WINDOWS\System32\GDI32.dll
0x00007ffaa4f40000 - 0x00007ffaa50da000 	C:\WINDOWS\System32\gdi32full.dll
0x00007ffaa5e90000 - 0x00007ffaa5f30000 	C:\WINDOWS\System32\msvcp_win.dll
0x00007ffaa5f30000 - 0x00007ffaa602a000 	C:\WINDOWS\System32\ucrtbase.dll
0x00007ffa95140000 - 0x00007ffa953b9000 	C:\WINDOWS\WinSxS\amd64_microsoft.windows.common-controls_6595b64144ccf1df_6.0.17763.379_none_05b83be8071c94a1\COMCTL32.dll
0x00007ffaa7950000 - 0x00007ffaa7c7d000 	C:\WINDOWS\System32\combase.dll
0x00007ffaa5b70000 - 0x00007ffaa5bee000 	C:\WINDOWS\System32\bcryptPrimitives.dll
0x00007ffaa7e20000 - 0x00007ffaa7e4e000 	C:\WINDOWS\System32\IMM32.DLL
0x0000000058800000 - 0x00000000588d2000 	C:\Program Files\Java\jdk1.8.0_202\jre\bin\msvcr100.dll
0x0000000057f50000 - 0x00000000587f5000 	C:\Program Files\Java\jdk1.8.0_202\jre\bin\server\jvm.dll
0x00007ffaa8430000 - 0x00007ffaa8438000 	C:\WINDOWS\System32\PSAPI.DLL
0x00007ffa85a00000 - 0x00007ffa85a09000 	C:\WINDOWS\SYSTEM32\WSOCK32.dll
0x00007ffa9f820000 - 0x00007ffa9f844000 	C:\WINDOWS\SYSTEM32\WINMM.dll
0x00007ffaa2c00000 - 0x00007ffaa2c0a000 	C:\WINDOWS\SYSTEM32\VERSION.dll
0x00007ffaa7e50000 - 0x00007ffaa7ebd000 	C:\WINDOWS\System32\WS2_32.dll
0x00007ffa9f7d0000 - 0x00007ffa9f7fd000 	C:\WINDOWS\SYSTEM32\winmmbase.dll
0x00007ffaa4ef0000 - 0x00007ffaa4f3a000 	C:\WINDOWS\System32\cfgmgr32.dll
0x00007ffa9e8a0000 - 0x00007ffa9e8af000 	C:\Program Files\Java\jdk1.8.0_202\jre\bin\verify.dll
0x00007ffa9e120000 - 0x00007ffa9e149000 	C:\Program Files\Java\jdk1.8.0_202\jre\bin\java.dll
0x00007ffa9d490000 - 0x00007ffa9d4b3000 	C:\Program Files\Java\jdk1.8.0_202\jre\bin\instrument.dll
0x00007ffa9e0f0000 - 0x00007ffa9e106000 	C:\Program Files\Java\jdk1.8.0_202\jre\bin\zip.dll
0x00007ffaa6250000 - 0x00007ffaa7740000 	C:\WINDOWS\System32\SHELL32.dll
0x00007ffaa7f40000 - 0x00007ffaa7fe8000 	C:\WINDOWS\System32\shcore.dll
0x00007ffaa5110000 - 0x00007ffaa585a000 	C:\WINDOWS\System32\windows.storage.dll
0x00007ffaa4e40000 - 0x00007ffaa4e64000 	C:\WINDOWS\System32\profapi.dll
0x00007ffaa4e70000 - 0x00007ffaa4ecd000 	C:\WINDOWS\System32\powrprof.dll
0x00007ffaa8a40000 - 0x00007ffaa8a92000 	C:\WINDOWS\System32\shlwapi.dll
0x00007ffaa4e20000 - 0x00007ffaa4e31000 	C:\WINDOWS\System32\kernel.appcore.dll
0x00007ffaa58c0000 - 0x00007ffaa58d7000 	C:\WINDOWS\System32\cryptsp.dll
0x00007ffa92870000 - 0x00007ffa9288a000 	D:\IntelliJ IDEA 2018.3\bin\breakgen64.dll
0x00007ffa9d5a0000 - 0x00007ffa9d5ba000 	C:\Program Files\Java\jdk1.8.0_202\jre\bin\net.dll
0x00007ffa95e90000 - 0x00007ffa96066000 	C:\WINDOWS\SYSTEM32\urlmon.dll
0x00007ffa95be0000 - 0x00007ffa95e88000 	C:\WINDOWS\SYSTEM32\iertutil.dll
0x00007ffaa4870000 - 0x00007ffaa487c000 	C:\WINDOWS\SYSTEM32\CRYPTBASE.DLL
0x00007ffaa46a0000 - 0x00007ffaa4707000 	C:\WINDOWS\system32\mswsock.dll
0x00007ffa91690000 - 0x00007ffa9169d000 	C:\Program Files\Java\jdk1.8.0_202\jre\bin\management.dll
0x00007ffa95960000 - 0x00007ffa95972000 	C:\Program Files\Java\jdk1.8.0_202\jre\bin\nio.dll
0x00007ffa9e8b0000 - 0x00007ffa9e8c6000 	C:\WINDOWS\system32\napinsp.dll
0x00007ffa9e1c0000 - 0x00007ffa9e1da000 	C:\WINDOWS\system32\pnrpnsp.dll
0x00007ffaa4440000 - 0x00007ffaa4506000 	C:\WINDOWS\SYSTEM32\DNSAPI.dll
0x00007ffaa7740000 - 0x00007ffaa7748000 	C:\WINDOWS\System32\NSI.dll
0x00007ffaa4400000 - 0x00007ffaa443d000 	C:\WINDOWS\SYSTEM32\IPHLPAPI.DLL
0x00007ffa9f8e0000 - 0x00007ffa9f8ee000 	C:\WINDOWS\System32\winrnr.dll
0x00007ffaa15c0000 - 0x00007ffaa15db000 	C:\WINDOWS\system32\NLAapi.dll
0x00007ffa9ebe0000 - 0x00007ffa9ebf5000 	C:\WINDOWS\system32\wshbth.dll
0x00007ffa94c80000 - 0x00007ffa94c8a000 	C:\Windows\System32\rasadhlp.dll
0x00007ffa953c0000 - 0x00007ffa95439000 	C:\WINDOWS\System32\fwpuclnt.dll
0x00007ffaa50e0000 - 0x00007ffaa5106000 	C:\WINDOWS\System32\bcrypt.dll
0x00007ffaa4260000 - 0x00007ffaa4293000 	C:\WINDOWS\system32\rsaenh.dll
0x00007ffaa4d50000 - 0x00007ffaa4d78000 	C:\WINDOWS\SYSTEM32\USERENV.dll
0x00007ffa9aee0000 - 0x00007ffa9aef6000 	C:\WINDOWS\SYSTEM32\dhcpcsvc6.DLL
0x00007ffa9d020000 - 0x00007ffa9d03c000 	C:\WINDOWS\SYSTEM32\dhcpcsvc.DLL

VM Arguments:
jvm_args: -XX:TieredStopAtLevel=1 -Xverify:none -Dspring.output.ansi.enabled=always -Dcom.sun.management.jmxremote -Dcom.sun.management.jmxremote.port=62346 -Dcom.sun.management.jmxremote.authenticate=false -Dcom.sun.management.jmxremote.ssl=false -Djava.rmi.server.hostname=localhost -Dspring.liveBeansView.mbeanDomain -Dspring.application.admin.enabled=true -javaagent:D:\IntelliJ IDEA 2018.3\lib\idea_rt.jar=62347:D:\IntelliJ IDEA 2018.3\bin -Dfile.encoding=UTF-8 
java_command: com.eureka.eurekademo.EurekaDemoApplication
java_class_path (initial): C:\Program Files\Java\jdk1.8.0_202\jre\lib\charsets.jar;C:\Program Files\Java\jdk1.8.0_202\jre\lib\deploy.jar;C:\Program Files\Java\jdk1.8.0_202\jre\lib\ext\access-bridge-64.jar;C:\Program Files\Java\jdk1.8.0_202\jre\lib\ext\cldrdata.jar;C:\Program Files\Java\jdk1.8.0_202\jre\lib\ext\dnsns.jar;C:\Program Files\Java\jdk1.8.0_202\jre\lib\ext\jaccess.jar;C:\Program Files\Java\jdk1.8.0_202\jre\lib\ext\jfxrt.jar;C:\Program Files\Java\jdk1.8.0_202\jre\lib\ext\localedata.jar;C:\Program Files\Java\jdk1.8.0_202\jre\lib\ext\nashorn.jar;C:\Program Files\Java\jdk1.8.0_202\jre\lib\ext\sunec.jar;C:\Program Files\Java\jdk1.8.0_202\jre\lib\ext\sunjce_provider.jar;C:\Program Files\Java\jdk1.8.0_202\jre\lib\ext\sunmscapi.jar;C:\Program Files\Java\jdk1.8.0_202\jre\lib\ext\sunpkcs11.jar;C:\Program Files\Java\jdk1.8.0_202\jre\lib\ext\zipfs.jar;C:\Program Files\Java\jdk1.8.0_202\jre\lib\javaws.jar;C:\Program Files\Java\jdk1.8.0_202\jre\lib\jce.jar;C:\Program Files\Java\jdk1.8.0_202\jre\lib\jfr.jar;C:\Program Files\Java\jdk1.8.0_202\jre\lib\jfxswt.jar;C:\Program Files\Java\jdk1.8.0_202\jre\lib\jsse.jar;C:\Program Files\Java\jdk1.8.0_202\jre\lib\management-agent.jar;C:\Program Files\Java\jdk1.8.0_202\jre\lib\plugin.jar;C:\Program Files\Java\jdk1.8.0_202\jre\lib\resources.jar;C:\Program Files\Java\jdk1.8.0_202\jre\lib\rt.jar;D:\ideaworkspase\eureka-demo\target\classes;C:\Users\ThinkPad\.m2\repository\org\springframework\boot\spring-boot-starter-actuator\2.1.3.RELEASE\spring-boot-starter-actuator-2.1.3.RELEASE.jar;C:\Users\ThinkPad\.m2\repository\org\springframework\boot\spring-boot-starter\2.1.3.RELEASE\spring-boot-starter-2.1.3.RELEASE.jar;C:\Users\ThinkPad\.m2\repository\org\springframework\boot\spring-boot\2.1.3.RELEASE\spring-boot-2.1.3.RELEASE.jar;C:\Users\ThinkPad\.m2\repository\org\springframework\boot\spring-boot-autoconfigure\2.1.3.RELEASE\spring-boot-autoconfigure-2.1.3.RELEASE.jar;C:\Users\ThinkPad\.m2\repository\org\springframework\boot\spring-boot-s
Launcher Type: SUN_STANDARD

Environment Variables:
JAVA_HOME=C:\Program Files\Java\jdk1.8.0_202
PATH=C:\Program Files (x86)\Common Files\Oracle\Java\javapath;C:\WINDOWS\system32;C:\WINDOWS;C:\WINDOWS\System32\Wbem;C:\WINDOWS\System32\WindowsPowerShell\v1.0\;C:\WINDOWS\System32\OpenSSH\;";C:\Program Files\Java\jdk1.8.0_202\bin";D:\apache-maven-3.6.0\bin;D:\apache-maven-3.6.0\bin;C:\Program Files\Java\jdk1.8.0_202\jre\bin;C:\Program Files\Intel\WiFi\bin\;C:\Program Files\Common Files\Intel\WirelessCommon\;D:\Git\bin;D:\TortoiseGit\bin;D:\mysql-5.7.25-winx64\bin;C:\Users\ThinkPad\AppData\Local\Microsoft\WindowsApps;D:\Fiddler;C:\Users\ThinkPad\AppData\Local\Microsoft\WindowsApps;C:\Users\ThinkPad\AppData\Local\GitHubDesktop\bin
USERNAME=ThinkPad
OS=Windows_NT
PROCESSOR_IDENTIFIER=Intel64 Family 6 Model 142 Stepping 10, GenuineIntel



---------------  S Y S T E M  ---------------

OS: Windows 10.0 , 64 bit Build 17763 (10.0.17763.379)

CPU:total 8 (initial active 8) (4 cores per cpu, 2 threads per core) family 6 model 142 stepping 10, cmov, cx8, fxsr, mmx, sse, sse2, sse3, ssse3, sse4.1, sse4.2, popcnt, avx, avx2, aes, clmul, erms, 3dnowpref, lzcnt, ht, tsc, tscinvbit, bmi1, bmi2, adx

Memory: 4k page, physical 8206824k(1670524k free), swap 23643360k(5272k free)

vm_info: Java HotSpot(TM) 64-Bit Server VM (25.202-b08) for windows-amd64 JRE (1.8.0_202-b08), built on Dec 15 2018 19:54:30 by "java_re" with MS VC++ 10.0 (VS2010)

time: Sun Mar 31 10:23:09 2019
timezone: 中国标准时间
elapsed time: 5 seconds (0d 0h 0m 5s)

